<?xml version="1.0" encoding="UTF-8"?>
<!-- Generated by org.testng.reporters.JUnitReportReporter -->
<testsuite skipped="0" hostname="vnikolic" name="automation.TC_001_E2EAutomation" tests="1" failures="0" timestamp="05 Feb 2019 12:04:45 GMT" time="5.725" errors="0">
  <testcase name="tcase1" time="5.725" classname="automation.TC_001_E2EAutomation"/>
</testsuite> <!-- automation.TC_001_E2EAutomation -->
